SELECT * from test_txs WHERE block_height IN (SELECT DISTINCT block_height 
FROM (
    SELECT block_height 
    FROM test_txs 
    ORDER BY block_height DESC 
    LIMIT 10
) AS foo) ORDER by block_height DESC

--------------
Sort  (cost=25.96..25.99 rows=10 width=604)
   Sort Key: test_txs.block_height DESC
   ->  Hash Join  (cost=14.27..25.79 rows=10 width=604)
         Hash Cond: (test_txs.block_height = test_txs_1.block_height)
         ->  Seq Scan on test_txs  (cost=0.00..11.20 rows=120 width=604)
         ->  Hash  (cost=14.14..14.14 rows=10 width=8)
               ->  HashAggregate  (cost=13.94..14.04 rows=10 width=8)
                     Group Key: test_txs_1.block_height
                     ->  Limit  (cost=13.79..13.82 rows=10 width=8)
                           ->  Sort  (cost=13.79..14.09 rows=120 width=8)
                                 Sort Key: test_txs_1.block_height DESC
                                 ->  Seq Scan on test_txs test_txs_1  (cost=0.00..11.20 rows=120 width=8)
(12 rows)
 вроде бы по максимуму оптимизировал 